[0.050s] Invoking command in '/home/orangepi/uvg_car/build/oakchina_vio_package': CMAKE_PREFIX_PATH=/opt/ros/humble /usr/bin/cmake /home/orangepi/uvg_car/src/oakchina_vio_package_ros2 -DCMAKE_INSTALL_PREFIX=/home/orangepi/uvg_car/install/oakchina_vio_package
[0.243s] -- The C compiler identification is GNU 11.4.0
[0.379s] -- The CXX compiler identification is GNU 11.4.0
[0.390s] -- Detecting C compiler ABI info
[0.556s] -- Detecting C compiler ABI info - done
[0.570s] -- Check for working C compiler: /usr/bin/cc - skipped
[0.572s] -- Detecting C compile features
[0.573s] -- Detecting C compile features - done
[0.574s] -- Detecting CXX compiler ABI info
[0.768s] -- Detecting CXX compiler ABI info - done
[0.807s] -- Check for working CXX compiler: /usr/bin/c++ - skipped
[0.807s] -- Detecting CXX compile features
[0.809s] -- Detecting CXX compile features - done
[0.816s] -- Found ament_cmake: 1.3.11 (/opt/ros/humble/share/ament_cmake/cmake)
[1.176s] -- Found Python3: /usr/bin/python3 (found version "3.10.12") found components: Interpreter 
[1.353s] -- Found rclcpp: 16.0.12 (/opt/ros/humble/share/rclcpp/cmake)
[1.423s] -- Found rosidl_generator_c: 3.1.6 (/opt/ros/humble/share/rosidl_generator_c/cmake)
[1.431s] -- Found rosidl_adapter: 3.1.6 (/opt/ros/humble/share/rosidl_adapter/cmake)
[1.445s] -- Found rosidl_generator_cpp: 3.1.6 (/opt/ros/humble/share/rosidl_generator_cpp/cmake)
[1.464s] -- Using all available rosidl_typesupport_c: rosidl_typesupport_fastrtps_c;rosidl_typesupport_introspection_c
[1.495s] -- Using all available rosidl_typesupport_cpp: rosidl_typesupport_fastrtps_cpp;rosidl_typesupport_introspection_cpp
[1.573s] -- Found rmw_implementation_cmake: 6.1.2 (/opt/ros/humble/share/rmw_implementation_cmake/cmake)
[1.578s] -- Found rmw_fastrtps_cpp: 6.2.7 (/opt/ros/humble/share/rmw_fastrtps_cpp/cmake)
[1.740s] -- Found OpenSSL: /usr/lib/aarch64-linux-gnu/libcrypto.so (found version "3.0.2")  
[1.791s] -- Found FastRTPS: /opt/ros/humble/include  
[1.872s] -- Using RMW implementation 'rmw_fastrtps_cpp' as default
[1.910s] -- Looking for pthread.h
[2.107s] -- Looking for pthread.h - found
[2.107s] -- Performing Test CMAKE_HAVE_LIBC_PTHREAD
[2.329s] -- Performing Test CMAKE_HAVE_LIBC_PTHREAD - Success
[2.333s] -- Found Threads: TRUE  
[2.490s] -- Found sensor_msgs: 4.8.0 (/opt/ros/humble/share/sensor_msgs/cmake)
[2.567s] -- Found cv_bridge: 3.2.1 (/opt/ros/humble/share/cv_bridge/cmake)
[2.591s] -- Found OpenCV: /usr (found version "4.5.4") 
[2.593s] -- Found nav_msgs: 4.8.0 (/opt/ros/humble/share/nav_msgs/cmake)
[2.632s] -- Found tf2_ros: 0.25.12 (/opt/ros/humble/share/tf2_ros/cmake)
[2.827s] -- Found tf2_geometry_msgs: 0.25.12 (/opt/ros/humble/share/tf2_geometry_msgs/cmake)
[2.848s] -- Found eigen3_cmake_module: 0.1.1 (/opt/ros/humble/share/eigen3_cmake_module/cmake)
[2.849s] -- Found Eigen3: TRUE (found version "3.4.0") 
[2.849s] -- Ensuring Eigen3 include directory is part of orocos-kdl CMake target
[2.997s] -- Configuring done
[3.026s] -- Generating done
[3.034s] -- Build files have been written to: /home/orangepi/uvg_car/build/oakchina_vio_package
[3.068s] Invoked command in '/home/orangepi/uvg_car/build/oakchina_vio_package' returned '0': CMAKE_PREFIX_PATH=/opt/ros/humble /usr/bin/cmake /home/orangepi/uvg_car/src/oakchina_vio_package_ros2 -DCMAKE_INSTALL_PREFIX=/home/orangepi/uvg_car/install/oakchina_vio_package
[3.071s] Invoking command in '/home/orangepi/uvg_car/build/oakchina_vio_package': CMAKE_PREFIX_PATH=/opt/ros/humble /usr/bin/cmake --build /home/orangepi/uvg_car/build/oakchina_vio_package -- -j8 -l8
[3.248s] [ 50%] [32mBuilding CXX object CMakeFiles/oakchina_vio_package_node.dir/src/main.cpp.o[0m
[15.031s] [100%] [32m[1mLinking CXX executable oakchina_vio_package_node[0m
[15.160s] /usr/bin/ld: skipping incompatible /home/orangepi/uvg_car/src/oakchina_vio_package_ros2/lib/libcarina_vio.so when searching for -lcarina_vio
[15.161s] /usr/bin/ld: cannot find -lcarina_vio: No such file or directory
[15.162s] /usr/bin/ld: skipping incompatible /home/orangepi/uvg_car/src/oakchina_vio_package_ros2/lib/libcarina_vio.so when searching for -lcarina_vio
[15.163s] /usr/bin/ld: skipping incompatible /home/orangepi/uvg_car/src/oakchina_vio_package_ros2/lib/libcarina_vio_client.so when searching for -lcarina_vio_client
[15.163s] /usr/bin/ld: cannot find -lcarina_vio_client: No such file or directory
[15.164s] /usr/bin/ld: skipping incompatible /home/orangepi/uvg_car/src/oakchina_vio_package_ros2/lib/libcarina_vio_client.so when searching for -lcarina_vio_client
[15.164s] /usr/bin/ld: skipping incompatible /home/orangepi/uvg_car/src/oakchina_vio_package_ros2/lib/libcarina_client.so when searching for -lcarina_client
[15.165s] /usr/bin/ld: cannot find -lcarina_client: No such file or directory
[15.165s] /usr/bin/ld: skipping incompatible /home/orangepi/uvg_car/src/oakchina_vio_package_ros2/lib/libcarina_client.so when searching for -lcarina_client
[15.166s] /usr/bin/ld: skipping incompatible /home/orangepi/uvg_car/src/oakchina_vio_package_ros2/lib/libclahe.a when searching for -lclahe
[15.166s] /usr/bin/ld: cannot find -lclahe: No such file or directory
[15.167s] /usr/bin/ld: skipping incompatible /home/orangepi/uvg_car/src/oakchina_vio_package_ros2/lib/libDBoW2.a when searching for -lDBoW2
[15.167s] /usr/bin/ld: cannot find -lDBoW2: No such file or directory
[15.167s] /usr/bin/ld: skipping incompatible /home/orangepi/uvg_car/src/oakchina_vio_package_ros2/lib/libg2o.a when searching for -lg2o
[15.168s] /usr/bin/ld: cannot find -lg2o: No such file or directory
[15.168s] /usr/bin/ld: skipping incompatible /home/orangepi/uvg_car/src/oakchina_vio_package_ros2/lib/liblk.a when searching for -llk
[15.169s] /usr/bin/ld: cannot find -llk: No such file or directory
[15.169s] /usr/bin/ld: skipping incompatible /home/orangepi/uvg_car/src/oakchina_vio_package_ros2/lib/libtracker.a when searching for -ltracker
[15.170s] /usr/bin/ld: cannot find -ltracker: No such file or directory
[15.170s] /usr/bin/ld: skipping incompatible /home/orangepi/uvg_car/src/oakchina_vio_package_ros2/lib/libyaml-cpp.a when searching for -lyaml-cpp
[15.691s] collect2: error: ld returned 1 exit status
[15.693s] gmake[2]: *** [CMakeFiles/oakchina_vio_package_node.dir/build.make:269: oakchina_vio_package_node] Error 1
[15.694s] gmake[1]: *** [CMakeFiles/Makefile2:137: CMakeFiles/oakchina_vio_package_node.dir/all] Error 2
[15.695s] gmake: *** [Makefile:146: all] Error 2
[15.704s] Invoked command in '/home/orangepi/uvg_car/build/oakchina_vio_package' returned '2': CMAKE_PREFIX_PATH=/opt/ros/humble /usr/bin/cmake --build /home/orangepi/uvg_car/build/oakchina_vio_package -- -j8 -l8
