[0.043s] Invoking command in '/home/orangepi/uvg_car/build/oakchina_vio_package': CMAKE_PREFIX_PATH=${CMAKE_PREFIX_PATH}:/home/orangepi/uvg_car/install/wit_ros2_imu:/opt/ros/humble /usr/bin/cmake --build /home/orangepi/uvg_car/build/oakchina_vio_package -- -j8 -l8
[0.183s] [ 50%] [32mBuilding CXX object CMakeFiles/oakchina_vio_package_node.dir/src/main.cpp.o[0m
[7.420s] [01m[K/home/orangepi/uvg_car/src/oakchina_vio_package_ros2/src/main.cpp:[m[K In function â€˜[01m[Kint main(int, char**)[m[Kâ€™:
[7.421s] [01m[K/home/orangepi/uvg_car/src/oakchina_vio_package_ros2/src/main.cpp:305:17:[m[K [01;31m[Kerror: [m[Kâ€˜[01m[Ktf_broadcaster_[m[Kâ€™ was not declared in this scope
[7.421s]   305 |                 [01;31m[Ktf_broadcaster_[m[K->sendTransform(odom_to_base);
[7.421s]       |                 [01;31m[K^~~~~~~~~~~~~~~[m[K
[10.032s] gmake[2]: *** [CMakeFiles/oakchina_vio_package_node.dir/build.make:76: CMakeFiles/oakchina_vio_package_node.dir/src/main.cpp.o] Error 1
[10.033s] gmake[1]: *** [CMakeFiles/Makefile2:137: CMakeFiles/oakchina_vio_package_node.dir/all] Error 2
[10.033s] gmake: *** [Makefile:146: all] Error 2
[10.045s] Invoked command in '/home/orangepi/uvg_car/build/oakchina_vio_package' returned '2': CMAKE_PREFIX_PATH=${CMAKE_PREFIX_PATH}:/home/orangepi/uvg_car/install/wit_ros2_imu:/opt/ros/humble /usr/bin/cmake --build /home/orangepi/uvg_car/build/oakchina_vio_package -- -j8 -l8
