[ 50%] [32mBuilding CXX object CMakeFiles/oakchina_vio_package_node.dir/src/main.cpp.o[0m
[01m[K/home/orangepi/uvg_car/src/oakchina_vio_package_ros2/src/main.cpp:[m[K In function â€˜[01m[Kint main(int, char**)[m[Kâ€™:
[01m[K/home/orangepi/uvg_car/src/oakchina_vio_package_ros2/src/main.cpp:226:59:[m[K [01;31m[Kerror: [m[Kâ€˜[01m[KOdometry[m[Kâ€™ is not a member of â€˜[01m[Knav_msgs::msg[m[Kâ€™
  226 |     auto odom_pub = node->create_publisher<nav_msgs::msg::[01;31m[KOdometry[m[K>("/odom", 10);
      |                                                           [01;31m[K^~~~~~~~[m[K
[01m[K/home/orangepi/uvg_car/src/oakchina_vio_package_ros2/src/main.cpp:226:68:[m[K [01;31m[Kerror: [m[Kno matching function for call to â€˜[01m[Krclcpp::Node::create_publisher<<expression error> >(const char [6], int)[m[Kâ€™
  226 |     auto odom_pub = [01;31m[Knode->create_publisher<nav_msgs::msg::Odometry>("/odom", 10)[m[K;
      |                     [01;31m[K~~~~~~~~~~~~~~~~~~~~~~~~~~~~~~~~~~~~~~~~~~~~~~~^~~~~~~~~~~~~[m[K
In file included from [01m[K/opt/ros/humble/include/rclcpp/rclcpp/node.hpp:1321[m[K,
                 from [01m[K/opt/ros/humble/include/rclcpp/rclcpp/executors/single_threaded_executor.hpp:28[m[K,
                 from [01m[K/opt/ros/humble/include/rclcpp/rclcpp/executors.hpp:22[m[K,
                 from [01m[K/opt/ros/humble/include/rclcpp/rclcpp/rclcpp.hpp:155[m[K,
                 from [01m[K/home/orangepi/uvg_car/src/oakchina_vio_package_ros2/src/main.cpp:1[m[K:
[01m[K/opt/ros/humble/include/rclcpp/rclcpp/node_impl.hpp:73:1:[m[K [01;36m[Knote: [m[Kcandidate: â€˜[01m[Ktemplate<class MessageT, class AllocatorT, class PublisherT> std::shared_ptr<PublisherT> rclcpp::Node::create_publisher(const string&, const rclcpp::QoS&, const rclcpp::PublisherOptionsWithAllocator<AllocatorT>&)[m[Kâ€™
   73 | [01;36m[KNode[m[K::create_publisher(
      | [01;36m[K^~~~[m[K
[01m[K/opt/ros/humble/include/rclcpp/rclcpp/node_impl.hpp:73:1:[m[K [01;36m[Knote: [m[K  template argument deduction/substitution failed:
[01m[K/home/orangepi/uvg_car/src/oakchina_vio_package_ros2/src/main.cpp:226:68:[m[K [01;31m[Kerror: [m[Ktemplate argument 1 is invalid
  226 |     auto odom_pub = [01;31m[Knode->create_publisher<nav_msgs::msg::Odometry>("/odom", 10)[m[K;
      |                     [01;31m[K~~~~~~~~~~~~~~~~~~~~~~~~~~~~~~~~~~~~~~~~~~~~~~~^~~~~~~~~~~~~[m[K
[01m[K/home/orangepi/uvg_car/src/oakchina_vio_package_ros2/src/main.cpp:281:24:[m[K [01;31m[Kerror: [m[Kâ€˜[01m[KOdometry[m[Kâ€™ is not a member of â€˜[01m[Knav_msgs::msg[m[Kâ€™
  281 |         nav_msgs::msg::[01;31m[KOdometry[m[K odom_msg;
      |                        [01;31m[K^~~~~~~~[m[K
[01m[K/home/orangepi/uvg_car/src/oakchina_vio_package_ros2/src/main.cpp:282:9:[m[K [01;31m[Kerror: [m[Kâ€˜[01m[Kodom_msg[m[Kâ€™ was not declared in this scope
  282 |         [01;31m[Kodom_msg[m[K.header.stamp = node->now();
      |         [01;31m[K^~~~~~~~[m[K
gmake[2]: *** [CMakeFiles/oakchina_vio_package_node.dir/build.make:76: CMakeFiles/oakchina_vio_package_node.dir/src/main.cpp.o] Error 1
gmake[1]: *** [CMakeFiles/Makefile2:137: CMakeFiles/oakchina_vio_package_node.dir/all] Error 2
gmake: *** [Makefile:146: all] Error 2
